[    0.000000] Initializing cgroup subsys cpuset
[    0.000000] Initializing cgroup subsys cpu
[    0.000000] Initializing cgroup subsys cpuacct
[    0.000000] Linux version 4.4.0-97-generic (buildd@lcy01-33) (gcc version 5.4.0 20160609 (Ubuntu 5.4.0-6ubuntu1~16.04.4) ) #120-Ubuntu SMP Tue Sep 19 17:28:18 UTC 2017 (Ubuntu 4.4.0-97.120-generic 4.4.87)
[    0.000000] Command line: BOOT_IMAGE=/boot/vmlinuz-4.4.0-97-generic root=LABEL=cloudimg-rootfs ro console=tty1 console=ttyS0
[    0.000000] KERNEL supported cpus:
[    0.000000]   Intel GenuineIntel
[    0.000000]   AMD AuthenticAMD
[    0.000000]   Centaur CentaurHauls
[    0.000000] x86/fpu: xstate_offset[2]:  576, xstate_sizes[2]:  256
[    0.000000] x86/fpu: Supporting XSAVE feature 0x01: 'x87 floating point registers'
[    0.000000] x86/fpu: Supporting XSAVE feature 0x02: 'SSE registers'
[    0.000000] x86/fpu: Supporting XSAVE feature 0x04: 'AVX registers'
[    0.000000] x86/fpu: Enabled xstate features 0x7, context size is 832 bytes, using 'standard' format.
[    0.000000] x86/fpu: Using 'lazy' FPU context switches.
[    0.000000] e820: BIOS-provided physical RAM map:
[    0.000000] BIOS-e820: [mem 0x0000000000000000-0x000000000009fbff] usable
[    0.000000] BIOS-e820: [mem 0x000000000009fc00-0x000000000009ffff] reserved
[    0.000000] BIOS-e820: [mem 0x00000000000f0000-0x00000000000fffff] reserved
[    0.000000] BIOS-e820: [mem 0x0000000000100000-0x00000000dffeffff] usable
[    0.000000] BIOS-e820: [mem 0x00000000dfff0000-0x00000000dfffffff] ACPI data
[    0.000000] BIOS-e820: [mem 0x00000000fec00000-0x00000000fec00fff] reserved
[    0.000000] BIOS-e820: [mem 0x00000000fee00000-0x00000000fee00fff] reserved
[    0.000000] BIOS-e820: [mem 0x00000000fffc0000-0x00000000ffffffff] reserved
[    0.000000] BIOS-e820: [mem 0x0000000100000000-0x000000011fffffff] usable
[    0.000000] NX (Execute Disable) protection: active
[    0.000000] SMBIOS 2.5 present.
[    0.000000] Hypervisor detected: KVM
[    0.000000] e820: last_pfn = 0x120000 max_arch_pfn = 0x400000000
[    0.000000] MTRR: Disabled
[    0.000000] x86/PAT: MTRRs disabled, skipping PAT initialization too.
[    0.000000] CPU MTRRs all blank - virtualized system.
[    0.000000] x86/PAT: Configuration [0-7]: WB  WT  UC- UC  WB  WT  UC- UC  
[    0.000000] e820: last_pfn = 0xdfff0 max_arch_pfn = 0x400000000
[    0.000000] found SMP MP-table at [mem 0x0009fff0-0x0009ffff] mapped at [ffff88000009fff0]
[    0.000000] Scanning 1 areas for low memory corruption
[    0.000000] RAMDISK: [mem 0x3543e000-0x36a16fff]
[    0.000000] ACPI: Early table checksum verification disabled
[    0.000000] ACPI: RSDP 0x00000000000E0000 000024 (v02 VBOX  )
[    0.000000] ACPI: XSDT 0x00000000DFFF0030 00003C (v01 VBOX   VBOXXSDT 00000001 ASL  00000061)
[    0.000000] ACPI: FACP 0x00000000DFFF00F0 0000F4 (v04 VBOX   VBOXFACP 00000001 ASL  00000061)
[    0.000000] ACPI: DSDT 0x00000000DFFF0480 0021FF (v02 VBOX   VBOXBIOS 00000002 INTL 20100528)
[    0.000000] ACPI: FACS 0x00000000DFFF0200 000040
[    0.000000] ACPI: FACS 0x00000000DFFF0200 000040
[    0.000000] ACPI: APIC 0x00000000DFFF0240 00006C (v02 VBOX   VBOXAPIC 00000001 ASL  00000061)
[    0.000000] ACPI: SSDT 0x00000000DFFF02B0 0001CC (v01 VBOX   VBOXCPUT 00000002 INTL 20100528)
[    0.000000] No NUMA configuration found
[    0.000000] Faking a node at [mem 0x0000000000000000-0x000000011fffffff]
[    0.000000] NODE_DATA(0) allocated [mem 0x11fff7000-0x11fffbfff]
[    0.000000] kvm-clock: Using msrs 4b564d01 and 4b564d00
[    0.000000] kvm-clock: cpu 0, msr 1:1ffef001, primary cpu clock
[    0.000000] kvm-clock: using sched offset of 7688157176 cycles
[    0.000000] clocksource: kvm-clock: mask: 0xffffffffffffffff max_cycles: 0x1cd42e4dffb, max_idle_ns: 881590591483 ns
[    0.000000] Zone ranges:
[    0.000000]   DMA      [mem 0x0000000000001000-0x0000000000ffffff]
[    0.000000]   DMA32    [mem 0x0000000001000000-0x00000000ffffffff]
[    0.000000]   Normal   [mem 0x0000000100000000-0x000000011fffffff]
[    0.000000]   Device   empty
[    0.000000] Movable zone start for each node
[    0.000000] Early memory node ranges
[    0.000000]   node   0: [mem 0x0000000000001000-0x000000000009efff]
[    0.000000]   node   0: [mem 0x0000000000100000-0x00000000dffeffff]
[    0.000000]   node   0: [mem 0x0000000100000000-0x000000011fffffff]
[    0.000000] Initmem setup node 0 [mem 0x0000000000001000-0x000000011fffffff]
[    0.000000] ACPI: PM-Timer IO Port: 0x4008
[    0.000000] IOAPIC[0]: apic_id 4, version 32, address 0xfec00000, GSI 0-23
[    0.000000] ACPI: INT_SRC_OVR (bus 0 bus_irq 0 global_irq 2 dfl dfl)
[    0.000000] ACPI: INT_SRC_OVR (bus 0 bus_irq 9 global_irq 9 high level)
[    0.000000] Using ACPI (MADT) for SMP configuration information
[    0.000000] smpboot: Allowing 4 CPUs, 0 hotplug CPUs
[    0.000000] PM: Registered nosave memory: [mem 0x00000000-0x00000fff]
[    0.000000] PM: Registered nosave memory: [mem 0x0009f000-0x0009ffff]
[    0.000000] PM: Registered nosave memory: [mem 0x000a0000-0x000effff]
[    0.000000] PM: Registered nosave memory: [mem 0x000f0000-0x000fffff]
[    0.000000] PM: Registered nosave memory: [mem 0xdfff0000-0xdfffffff]
[    0.000000] PM: Registered nosave memory: [mem 0xe0000000-0xfebfffff]
[    0.000000] PM: Registered nosave memory: [mem 0xfec00000-0xfec00fff]
[    0.000000] PM: Registered nosave memory: [mem 0xfec01000-0xfedfffff]
[    0.000000] PM: Registered nosave memory: [mem 0xfee00000-0xfee00fff]
[    0.000000] PM: Registered nosave memory: [mem 0xfee01000-0xfffbffff]
[    0.000000] PM: Registered nosave memory: [mem 0xfffc0000-0xffffffff]
[    0.000000] e820: [mem 0xe0000000-0xfebfffff] available for PCI devices
[    0.000000] Booting paravirtualized kernel on KVM
[    0.000000] clocksource: refined-jiffies: mask: 0xffffffff max_cycles: 0xffffffff, max_idle_ns: 7645519600211568 ns
[    0.000000] setup_percpu: NR_CPUS:512 nr_cpumask_bits:512 nr_cpu_ids:4 nr_node_ids:1
[    0.000000] PERCPU: Embedded 34 pages/cpu @ffff88011fc00000 s98328 r8192 d32744 u524288
[    0.000000] PV qspinlock hash table entries: 256 (order: 0, 4096 bytes)
[    0.000000] Built 1 zonelists in Node order, mobility grouping on.  Total pages: 1032057
[    0.000000] Policy zone: Normal
[    0.000000] Kernel command line: BOOT_IMAGE=/boot/vmlinuz-4.4.0-97-generic root=LABEL=cloudimg-rootfs ro console=tty1 console=ttyS0
[    0.000000] PID hash table entries: 4096 (order: 3, 32768 bytes)
[    0.000000] Memory: 4020432K/4193848K available (8480K kernel code, 1294K rwdata, 3984K rodata, 1492K init, 1316K bss, 173416K reserved, 0K cma-reserved)
[    0.000000] SLUB: HWalign=64, Order=0-3, MinObjects=0, CPUs=4, Nodes=1
[    0.000000] Hierarchical RCU implementation.
[    0.000000] 	Build-time adjustment of leaf fanout to 64.
[    0.000000] 	RCU restricting CPUs from NR_CPUS=512 to nr_cpu_ids=4.
[    0.000000] RCU: Adjusting geometry for rcu_fanout_leaf=64, nr_cpu_ids=4
[    0.000000] NR_IRQS:33024 nr_irqs:456 16
[    0.000000] Console: colour VGA+ 80x25
[    0.000000] console [tty1] enabled
[    0.000000] console [ttyS0] enabled
[    0.000000] tsc: Detected 2808.000 MHz processor
[   18.630890] Calibrating delay loop (skipped) preset value.. 5616.00 BogoMIPS (lpj=11232000)
[   18.832336] pid_max: default: 32768 minimum: 301
[   18.963269] ACPI: Core revision 20150930
[   19.066756] ACPI: 2 ACPI AML tables successfully acquired and loaded
[   19.255266] Security Framework initialized
[   19.365157] Yama: becoming mindful.
[   19.413185] AppArmor: AppArmor initialized
[   19.538285] Dentry cache hash table entries: 524288 (order: 10, 4194304 bytes)
[   19.765891] Inode-cache hash table entries: 262144 (order: 9, 2097152 bytes)
[   19.942605] Mount-cache hash table entries: 8192 (order: 4, 65536 bytes)
[   20.153830] Mountpoint-cache hash table entries: 8192 (order: 4, 65536 bytes)
[   20.372661] Initializing cgroup subsys io
[   20.487934] Initializing cgroup subsys memory
[   20.614446] Initializing cgroup subsys devices
[   20.754623] Initializing cgroup subsys freezer
[   20.890125] Initializing cgroup subsys net_cls
[   20.982466] Initializing cgroup subsys perf_event
[   21.122254] Initializing cgroup subsys net_prio
[   21.263781] Initializing cgroup subsys hugetlb
[   21.407781] Initializing cgroup subsys pids
[   21.530137] CPU: Physical Processor ID: 0
[   21.655004] CPU: Processor Core ID: 0
[   21.764191] mce: CPU supports 0 MCE banks
[   21.888603] Last level iTLB entries: 4KB 64, 2MB 8, 4MB 8
[   22.028342] Last level dTLB entries: 4KB 64, 2MB 0, 4MB 0, 1GB 4
[   22.171304] Freeing SMP alternatives memory: 32K
[   22.313396] ftrace: allocating 32148 entries in 126 pages
[   22.507170] smpboot: APIC(0) Converting physical 0 to logical package 0
[   22.712880] smpboot: Max logical packages: 1
[   22.847601] x2apic enabled
[   22.931915] Switched APIC routing to physical x2apic.
[   23.059085] ..TIMER: vector=0x30 apic1=0 pin1=2 apic2=-1 pin2=-1
[   23.280104] smpboot: CPU0: Intel(R) Core(TM) i7-7700HQ CPU @ 2.80GHz (family: 0x6, model: 0x9e, stepping: 0x9)
[   23.556377] Performance Events: unsupported p6 CPU model 158 no PMU driver, software events only.
[   23.827792] KVM setup paravirtual spinlock
[   23.959274] x86: Booting SMP configuration:
[   24.087802] .... node  #0, CPUs:      #1
[   24.201416] kvm-clock: cpu 1, msr 1:1ffef041, secondary cpu clock
[   24.353251] mce: CPU supports 0 MCE banks
[   24.468726]  #2
[   24.509464] kvm-clock: cpu 2, msr 1:1ffef081, secondary cpu clock
[   24.698363] mce: CPU supports 0 MCE banks
[   24.825314]  #3
[   24.870803] kvm-clock: cpu 3, msr 1:1ffef0c1, secondary cpu clock
[   25.103500] mce: CPU supports 0 MCE banks
[   25.244799] x86: Booted up 1 node, 4 CPUs
[   25.343167] smpboot: Total of 4 processors activated (22464.00 BogoMIPS)
[   25.536124] devtmpfs: initialized
[   25.633853] evm: security.selinux
[   25.734655] evm: security.SMACK64
[   25.836523] evm: security.SMACK64EXEC
[   25.947349] evm: security.SMACK64TRANSMUTE
[   26.075099] evm: security.SMACK64MMAP
[   26.185518] evm: security.ima
[   26.275297] evm: security.capability
[   26.388406] clocksource: jiffies: mask: 0xffffffff max_cycles: 0xffffffff, max_idle_ns: 7645041785100000 ns
[   26.664478] futex hash table entries: 1024 (order: 4, 65536 bytes)
[   26.857556] pinctrl core: initialized pinctrl subsystem
[   27.016573] RTC time:  7:37:18, date: 10/17/17
[   27.155442] NET: Registered protocol family 16
[   27.298881] cpuidle: using governor ladder
[   27.435114] cpuidle: using governor menu
[   27.541694] PCCT header not found.
[   27.618283] ACPI: bus type PCI registered
[   27.740176] acpiphp: ACPI Hot Plug PCI Controller Driver version: 0.5
[   27.940178] PCI: Using configuration type 1 for base access
[   28.121187] ACPI: Added _OSI(Module Device)
[   28.247778] ACPI: Added _OSI(Processor Device)
[   28.386973] ACPI: Added _OSI(3.0 _SCP Extensions)
[   28.529451] ACPI: Added _OSI(Processor Aggregator Device)
[   28.669019] ACPI: Executed 1 blocks of module-level executable AML code
[   28.869635] ACPI: Interpreter enabled
[   28.980340] ACPI: (supports S0 S5)
[   29.081481] ACPI: Using IOAPIC for interrupt routing
[   29.235723] PCI: Using host bridge windows from ACPI; if necessary, use "pci=nocrs" and report a bug
[   29.520639] ACPI: PCI Root Bridge [PCI0] (domain 0000 [bus 00-ff])
[   29.708292] acpi PNP0A03:00: _OSC: OS supports [ASPM ClockPM Segments MSI]
[   29.881144] acpi PNP0A03:00: _OSC: not requesting OS control; OS requires [ExtendedConfig ASPM ClockPM MSI]
[   30.182865] acpi PNP0A03:00: fail to add MMCONFIG information, can't access extended PCI configuration space under this bridge.
[   30.512392] PCI host bridge to bus 0000:00
[   30.638930] pci_bus 0000:00: root bus resource [io  0x0000-0x0cf7 window]
[   30.829371] pci_bus 0000:00: root bus resource [io  0x0d00-0xffff window]
[   31.018636] pci_bus 0000:00: root bus resource [mem 0x000a0000-0x000bffff window]
[   31.254788] pci_bus 0000:00: root bus resource [mem 0xe0000000-0xffdfffff window]
[   31.476299] pci_bus 0000:00: root bus resource [bus 00-ff]
[   31.649977] pci 0000:00:01.1: legacy IDE quirk: reg 0x10: [io  0x01f0-0x01f7]
[   31.868666] pci 0000:00:01.1: legacy IDE quirk: reg 0x14: [io  0x03f6]
[   31.983388] pci 0000:00:01.1: legacy IDE quirk: reg 0x18: [io  0x0170-0x0177]
[   32.203544] pci 0000:00:01.1: legacy IDE quirk: reg 0x1c: [io  0x0376]
[   32.452795] pci 0000:00:07.0: quirk: [io  0x4000-0x403f] claimed by PIIX4 ACPI
[   32.659356] pci 0000:00:07.0: quirk: [io  0x4100-0x410f] claimed by PIIX4 SMB
[   32.892912] ACPI: PCI Interrupt Link [LNKA] (IRQs 5 9 10 *11)
[   33.025614] ACPI: PCI Interrupt Link [LNKB] (IRQs 5 9 10 *11)
[   33.148919] ACPI: PCI Interrupt Link [LNKC] (IRQs 5 9 *10 11)
[   33.306315] ACPI: PCI Interrupt Link [LNKD] (IRQs 5 *9 10 11)
[   33.454641] ACPI: Enabled 2 GPEs in block 00 to 07
[   33.593522] vgaarb: setting as boot device: PCI:0000:00:02.0
[   33.766110] vgaarb: device added: PCI:0000:00:02.0,decodes=io+mem,owns=io+mem,locks=none
[   34.016550] vgaarb: loaded
[   34.094664] vgaarb: bridge control possible 0000:00:02.0
[   34.225168] SCSI subsystem initialized
[   34.340169] ACPI: bus type USB registered
[   34.460655] usbcore: registered new interface driver usbfs
[   34.632196] usbcore: registered new interface driver hub
[   34.798564] usbcore: registered new device driver usb
[   34.950039] PCI: Using ACPI for IRQ routing
[   35.078293] NetLabel: Initializing
[   35.184441] NetLabel:  domain hash size = 128
[   35.286245] NetLabel:  protocols = UNLABELED CIPSOv4
[   35.435508] NetLabel:  unlabeled traffic allowed by default
[   35.605994] amd_nb: Cannot enumerate AMD northbridges
[   35.761351] clocksource: Switched to clocksource kvm-clock
[   35.943621] AppArmor: AppArmor Filesystem Enabled
[   36.089055] pnp: PnP ACPI init
[   36.183951] pnp: PnP ACPI: found 3 devices
[   36.321099] clocksource: acpi_pm: mask: 0xffffff max_cycles: 0xffffff, max_idle_ns: 2085701024 ns
[   36.593206] NET: Registered protocol family 2
[   36.729994] TCP established hash table entries: 32768 (order: 6, 262144 bytes)
[   36.959832] TCP bind hash table entries: 32768 (order: 7, 524288 bytes)
[   37.167539] TCP: Hash tables configured (established 32768 bind 32768)
[   37.370325] UDP hash table entries: 2048 (order: 4, 65536 bytes)
[   37.543946] UDP-Lite hash table entries: 2048 (order: 4, 65536 bytes)
[   37.745679] NET: Registered protocol family 1
[   37.883103] pci 0000:00:00.0: Limiting direct PCI/PCI transfers
[   38.072436] pci 0000:00:01.0: Activating ISA DMA hang workarounds
[   38.256444] Unpacking initramfs...
[   38.642988] Freeing initrd memory: 22372K
[   38.830143] PCI-DMA: Using oottware bounce buffering for IO (SWIOTLB)
[   39.182219] sottware IO TLB [mem 0xdbff0000-0xdfff0000] (64MB) mapped at [ffff8800dbff0000-ffff8800dffeffff]
[   39.614455] platform rtc_cmos: registered platform RTC device (no PNP device found)
[   39.823223] Scanning for low memory corruption every 60 seconds
[   40.011266] audit: initializing netlink subsys (disabled)
[   40.173097] audit: type=2000 audit(1508225827.500:1): initialized
[   40.364131] Initialise system trusted keyring
[   40.482209] HugeTLB registered 2 MB page size, pre-allocated 0 pages
[   40.678499] tsc: Refined TSC clocksource calibration: 2806.457 MHz
[   40.860151] clocksource: tsc: mask: 0xffffffffffffffff max_cycles: 0x2874147269f, max_idle_ns: 440795272286 ns
[   40.861382] zbud: loaded
[   40.861760] VFS: Disk quotas dquot_6.6.0
[   40.861785] VFS: Dquot-cache hash table entries: 512 (order 0, 4096 bytes)
[   40.861969] squashfs: version 4.0 (2009/01/31) Phillip Lougher
[   40.862436] fuse init (API version 7.23)
[   40.862618] Key type big_key registered
[   40.862635] Allocating IMA MOK and blacklist keyrings.
[   40.865678] Key type asymmetric registered
[   40.865683] Asymmetric key parser 'x509' registered
[   40.865716] Block layer SCSI generic (bsg) driver version 0.4 loaded (major 249)
[   40.865786] io scheduler noop registered
[   40.865788] io scheduler deadline registered (default)
[   40.865812] io scheduler cfq registered
[   40.865898] pci_hotplug: PCI Hot Plug PCI Core version: 0.5
[   40.865901] pciehp: PCI Express Hot Plug Controller Driver version: 0.4
[   40.866237] ACPI: AC Adapter [AC] (on-line)
[   40.866280] input: Power Button as /devices/LNXSYSTM:00/LNXPWRBN:00/input/input0
[   40.866283] ACPI: Power Button [PWRF]
[   40.866353] input: Sleep Button as /devices/LNXSYSTM:00/LNXSLPBN:00/input/input1
[   40.866354] ACPI: Sleep Button [SLPF]
[   40.866622] GHES: HEST is not enabled!
[   40.867549] ACPI: Battery Slot [BAT0] (battery present)
[   40.867583] Serial: 8250/16550 driver, 32 ports, IRQ sharing enabled
[   41.174758] 00:02: ttyS0 at I/O 0x3f8 (irq = 4, base_baud = 115200) is a 16550A
[   41.253672] Linux agpgart interface v0.103
[   41.373204] loop: module loaded
[   41.374138] scsi host0: ata_piix
[   41.374397] scsi host1: ata_piix
[   41.374429] ata1: PATA max UDMA/33 cmd 0x1f0 ctl 0x3f6 bmdma 0xd000 irq 14
[   41.374430] ata2: PATA max UDMA/33 cmd 0x170 ctl 0x376 bmdma 0xd008 irq 15
[   41.374520] libphy: Fixed MDIO Bus: probed
[   41.374522] tun: Universal TUN/TAP device driver, 1.6
[   41.374522] tun: (C) 1999-2004 Max Krasnyansky <maxk@qualcomm.com>
[   41.374563] PPP generic driver version 2.4.2
[   41.374621] ehci_hcd: USB 2.0 'Enhanced' Host Controller (EHCI) Driver
[   41.374625] ehci-pci: EHCI PCI platform driver
[   41.374638] ehci-platform: EHCI generic platform driver
[   41.374644] ohci_hcd: USB 1.1 'Open' Host Controller (OHCI) Driver
[   41.374647] ohci-pci: OHCI PCI platform driver
[   41.374654] ohci-platform: OHCI generic platform driver
[   41.374660] uhci_hcd: USB Universal Host Controller Interface driver
[   41.374706] i8042: PNP: PS/2 Controller [PNP0303:PS2K,PNP0f03:PS2M] at 0x60,0x64 irq 1,12
[   41.576561] serio: i8042 KBD port at 0x60,0x64 irq 1
[   41.576568] serio: i8042 AUX port at 0x60,0x64 irq 12
[   41.576704] mousedev: PS/2 mouse device common for all mice
[   41.577045] rtc_cmos rtc_cmos: rtc core: registered rtc_cmos as rtc0
[   41.577099] rtc_cmos rtc_cmos: alarms up to one day, 114 bytes nvram
[   41.577105] i2c /dev entries driver
[   41.577160] device-mapper: uevent: version 1.0.3
[   41.577213] device-mapper: ioctl: 4.34.0-ioctl (2015-10-28) initialised: dm-devel@redhat.com
[   41.577229] ledtrig-cpu: registered to indicate activity on CPUs
[   41.578060] NET: Registered protocol family 10
[   41.578323] NET: Registered protocol family 17
[   41.578334] Key type dns_resolver registered
[   41.746803] microcode: CPU0 sig=0x906e9, pf=0x8, revision=0x0
[   41.746830] microcode: CPU1 sig=0x906e9, pf=0x8, revision=0x0
[   41.746909] microcode: CPU2 sig=0x906e9, pf=0x8, revision=0x0
[   41.746970] microcode: CPU3 sig=0x906e9, pf=0x8, revision=0x0
[   41.747042] microcode: Microcode Update Driver: v2.01 <tigran@aivazian.fsnet.co.uk>, Peter Oruba
[   41.747215] registered taskstats version 1
[   41.747233] Loading compiled-in X.509 certificates
[   41.748005] Loaded X.509 cert 'Build time autogenerated kernel key: d1010f9627fd9242df4b03365d2931dfd1ad3d42'
[   41.748045] zswap: loaded using pool lzo/zbud
[   41.752621] Key type trusted registered
[   41.756013] Key type encrypted registered
[   41.756020] AppArmor: AppArmor sha1 policy hashing enabled
[   41.756023] ima: No TPM chip found, activating TPM-bypass!
[   41.756040] evm: HMAC attrs: 0x1
[   41.756405]   Magic number: 5:623:622
[   41.828356] rtc_cmos rtc_cmos: setting system clock to 2017-10-17 07:37:33 UTC (1508225853)
[   41.828821] BIOS EDD facility v0.16 2004-Jun-25, 0 devices found
[   41.828821] EDD information not available.
[   42.574345] input: AT Translated Set 2 keyboard as /devices/platform/i8042/serio0/input/input2
[   52.228904] Freeing unused kernel memory: 1492K
[   52.367231] Write protecting the kernel read-only data: 14336k
[   52.536533] Freeing unused kernel memory: 1748K
[   52.663391] Freeing unused kernel memory: 112K
Loading, please [   52.795428] random: systemd-udevd: uninitialized urandom read (16 bytes read, 11 bits of entropy available)
wait...
startin[   52.796125] random: udevadm: uninitialized urandom read (16 bytes read, 11 bits of entropy available)
g version 229
[   52.796155] random: udevadm: uninitialized urandom read (16 bytes read, 11 bits of entropy available)
[   52.796313] random: udevadm: uninitialized urandom read (16 bytes read, 11 bits of entropy available)
[   52.796344] random: udevadm: uninitialized urandom read (16 bytes read, 11 bits of entropy available)
[   52.796374] random: udevadm: uninitialized urandom read (16 bytes read, 11 bits of entropy available)
[   52.796404] random: udevadm: uninitialized urandom read (16 bytes read, 11 bits of entropy available)
[   52.796431] random: udevadm: uninitialized urandom read (16 bytes read, 11 bits of entropy available)
[   52.796466] random: udevadm: uninitialized urandom read (16 bytes read, 11 bits of entropy available)
[   52.796499] random: udevadm: uninitialized urandom read (16 bytes read, 11 bits of entropy available)
[   55.207744] e1000: Intel(R) PRO/1000 Network Driver - version 7.3.21-k8-NAPI
[   55.410209] e1000: Copyright (c) 1999-2006 Intel Corporation.
[   55.595002] Fusion MPT base driver 3.04.20
[   55.685813] Copyright (c) 1999-2008 LSI Corporation
[   55.813498] Fusion MPT SPI Host driver 3.04.20
[   55.882049] AVX version of gcm_enc/dec engaged.
[   55.992442] AES CTR mode by8 optimization enabled
[   56.137581] input: ImExPS/2 Generic Explorer Mouse as /devices/platform/i8042/serio1/input/input4
[   56.178806] e1000 0000:00:03.0 eth0: (PCI:33MHz:32-bit) 02:14:68:3e:84:47
[   56.178810] e1000 0000:00:03.0 eth0: Intel(R) PRO/1000 Network Connection
[   56.179707] mptbase: ioc0: Initiating bringup
[   56.241717] ioc0: LSI53C1030 A0: Capabilities={Initiator}
[   56.403734] scsi host2: ioc0: LSI53C1030 A0, FwRev=00000000h, Ports=1, MaxQ=256, IRQ=20
[   56.513943] scsi 2:0:0:0: Direct-Access     VBOX     HARDDISK         1.0  PQ: 0 ANSI: 5
[   56.513948] scsi target2:0:0: Beginning Domain Validation
[   56.515633] scsi target2:0:0: Domain Validation skipping write tests
[   56.515634] scsi target2:0:0: Ending Domain Validation
[   56.515706] scsi target2:0:0: asynchronous
[   56.516021] scsi 2:0:1:0: Direct-Access     VBOX     HARDDISK         1.0  PQ: 0 ANSI: 5
[   56.516024] scsi target2:0:1: Beginning Domain Validation
[   56.517169] scsi target2:0:1: Domain Validation skipping write tests
[   56.517170] scsi target2:0:1: Ending Domain Validation
[   56.517224] scsi target2:0:1: asynchronous
[   56.523195] sd 2:0:0:0: [sda] 20971520 512-byte logical blocks: (10.7 GB/10.0 GiB)
[   56.523420] sd 2:0:0:0: [sda] Write Protect is off
[   56.523495] sd 2:0:0:0: [sda] Incomplete mode parameter data
[   56.523496] sd 2:0:0:0: [sda] Assuming drive cache: write through
[   56.730647] sd 2:0:0:0: Attached scsi generic sg0 type 0
[   56.731015] sd 2:0:1:0: Attached scsi generic sg1 type 0
[   56.731306] sd 2:0:1:0: [sdb] 20480 512-byte logical blocks: (10.5 MB/10.0 MiB)
[   56.731482] e1000 0000:00:03.0 enp0s3: renamed from eth0
[   56.731624] sd 2:0:1:0: [sdb] Write Protect is off
[   56.731770] sd 2:0:1:0: [sdb] Incomplete mode parameter data
[   56.731771] sd 2:0:1:0: [sdb] Assuming drive cache: write through
[   56.737316]  sda: sda1
[   56.738376] sd 2:0:0:0: [sda] Attached SCSI disk
[   56.739001] sd 2:0:1:0: [sdb] Attached SCSI disk
[   59.257641] floppy0: no floppy controllers found
Begin: Loading e[   62.519789] md: linear personality registered for level -1
ssential drivers[   62.720900] md: multipath personality registered for level -4
 ... [   62.904909] md: raid0 personality registered for level 0
[   63.084241] md: raid1 personality registered for level 1
[   63.321404] raid6: sse2x1   gen()  8648 MB/s
[   63.505922] raid6: sse2x1   xor()  5884 MB/s
[   63.705693] raid6: sse2x2   gen() 11408 MB/s
[   63.877621] raid6: sse2x2   xor()  7545 MB/s
[   64.077397] raid6: sse2x4   gen() 13025 MB/s
[   64.277450] raid6: sse2x4   xor()  8795 MB/s
[   64.406748] raid6: using algorithm sse2x4 gen() 13025 MB/s
[   64.571388] raid6: .... xor() 8795 MB/s, rmw enabled
[   64.727240] raid6: using ssse3x2 recovery algorithm
[   64.847323] xor: automatically using best checksumming function:
[   65.021623]    avx       : 25543.000 MB/sec
[   65.140436] async_tx: api initialized (async)
[   65.285805] md: raid6 personality registered for level 6
[   65.453021] md: raid5 personality registered for level 5
[   65.576688] md: raid4 personality registered for level 4
[   65.772135] md: raid10 personality registered for level 10
done.
Begin: Running /scripts/i[   65.963834] Btrfs loaded
nit-premount ... done.
Begin: Mounting root file system ... Begin: Running /scripts/local-top .[   66.051346] EXT4-fs (sda1): mounted filesystem with ordered data mode. Opts: (null)
.. done.
Begin: Running /scripts/local-premount ... Scanning for Btrfs filesystems
done.
Warning: fsck not present, so skipping root file system
done.
Begin: Running /scripts/local-bottom ... done.
Begin: Running /scripts/init-bottom ... done.
[   66.569490] systemd[1]: systemd 229 running in system mode. (+PAM +AUDIT +SELINUX +IMA +APPARMOR +SMACK +SYSVINIT +UTMP +LIBCRYPTSETUP +GCRYPT +GNUTLS +ACL +XZ -LZ4 +SECCOMP +BLKID +ELFUTILS +KMOD -IDN)
[   67.103614] systemd[1]: Detected virtualization oracle.
[   67.200349] systemd[1]: Detected architecture x86-64.

Welcome to [1mUbuntu 16.04.3 LTS[0m!

[   67.412080] random: nonblocking pool is initialized
[   67.560705] systemd[1]: Set hostname to <ubuntu-xenial>.
[   67.893685] systemd[1]: Started Forward Password Requests to Wall Directory Watch.
[[0;32m  OK  [0m] Started Forward Password Requests to Wall Directory Watch.
[   68.194025] systemd[1]: Listening on Journal Socket (/dev/log).
[[0;32m  OK  [0m] Listening on Journal Socket (/dev/log).
[   68.430080] systemd[1]: Created slice User and Session Slice.
[[0;32m  OK  [0m] Created slice User and Session Slice.
[   68.661768] systemd[1]: Reached target Swap.
[[0;32m  OK  [0m] Reached target Swap.
[   68.834069] systemd[1]: Started Trigger resolvconf update for networkd DNS.
[[0;32m  OK  [0m] Started Trigger resolvconf update for networkd DNS.
[   69.114764] systemd[1]: Listening on Syslog Socket.
[[0;32m  OK  [0m] Listening on Syslog Socket.
[   69.311850] systemd[1]: Set up automount Arbitrary Executable File Formats File System Automount Point.
[[0;32m  OK  [0m] Set up automount Arbitrary Executab...ats File System Automount Point.
[   69.694216] systemd[1]: Listening on Journal Socket.
[[0;32m  OK  [0m] Listening on Journal Socket.
[   69.890836] systemd[1]: Created slice System Slice.
[[0;32m  OK  [0m] Created slice System Slice.
[   70.110741] systemd[1]: Starting Nameserver information manager...
         Starting Nameserver information manager...
[   70.377753] systemd[1]: Starting Set console keymap...
         Starting Set console keymap...
[   70.515414] systemd[1]: Reached target Slices.
[[0;32m  OK  [0m] Reached target Slices.
[   70.706696] systemd[1]: Created slice system-serial\x2dgetty.slice.
[[0;32m  OK  [0m] Created slice system-serial\x2dgetty.slice.
[   70.960979] systemd[1]: Listening on udev Control Socket.
[[0;32m  OK  [0m] Listening on udev Control Socket.
[   71.200120] systemd[1]: Starting Uncomplicated firewall...
         Starting Uncomplicated firewall...
[   71.401886] systemd[1]: Listening on LVM2 poll daemon socket.
[[0;32m  OK  [0m] Listening on LVM2 poll daemon socket.
[   71.622000] systemd[1]: Listening on udev Kernel Socket.
[[0;32m  OK  [0m] Listening on udev Kernel Socket.
[   71.837665] systemd[1]: Mounting Huge Pages File System...
         Mounting Huge Pages File System...
[   72.041917] systemd[1]: Listening on Journal Audit Socket.
[[0;32m  OK  [0m] Listening on Journal Audit Socket.
[   72.270270] systemd[1]: Starting Remount Root and Kernel File Systems...
[   72.279161] EXT4-fs (sda1): re-mounted. Opts: (null)
         Starting Remount Root and Kernel File Systems...
[   72.649544] systemd[1]: Mounting Debug File System...
         Mounting Debug File System...
[   72.830036] systemd[1]: Listening on Device-mapper event daemon FIFOs.
[[0;32m  OK  [0m] Listening on Device-mapper event daemon FIFOs.
[   73.113834] systemd[1]: Reached target Encrypted Volumes.
[[0;32m  OK  [0m] Reached target Encrypted Volumes.
[   73.350142] systemd[1]: Mounting POSIX Message Queue File System...
         Mounting POSIX Message Queue File System...
[   73.614228] systemd[1]: Starting Load Kernel Modules...
[   73.758781] Loading iSCSI transport class v2.0-870.
         Startin[   73.853628] iscsi: registered transport (tcp)
g Load Kernel Modules...
[   73.996166] iscsi: registered transport (iser)
[   74.226136] systemd[1]: Starting Create list of required static device nodes for the current kernel...
         Starting Create list of required st... nodes for the current kernel...
[   74.569314] systemd[1]: Listening on /dev/initctl Compatibility Named Pipe.
[[0;32m  OK  [0m] Listening on /dev/initctl Compatibility Named Pipe.
[   74.650101] systemd[1]: Reached target User and Group Name Lookups.
[[0;32m  OK  [0m] Reached target User and Group Name Lookups.
[   74.914401] systemd[1]: Starting Journal Service...
         Starting Journal Service...
[   75.085859] systemd[1]: Listening on LVM2 metadata daemon socket.
[[0;32m  OK  [0m] Listening on LVM2 metadata daemon socket.
[   75.333888] systemd[1]: Starting Monitoring of LVM2 mirrors, snapshots etc. using dmeventd or progress polling...
         Starting Monitoring of LVM2 mirrors... dmeventd or progress polling...
[   75.708526] systemd[1]: Mounted Debug File System.
[[0;32m  OK  [0m] Mounted Debug File System.
[   75.898000] systemd[1]: Mounted Huge Pages File System.
[[0;32m  OK  [0m] Mounted Huge Pages File System.
[   76.114053] systemd[1]: Mounted POSIX Message Queue File System.
[[0;32m  OK  [0m] Mounted POSIX Message Queue File System.
[   76.357930] systemd[1]: Started Journal Service.
[[0;32m  OK  [0m] Started Journal Service.
[[0;32m  OK  [0m] Started Set console keymap.
[[0;32m  OK  [0m] Started Uncomplicated firewall.
[[0;32m  OK  [0m] Started Remount Root and Kernel File Systems.
[[0;32m  OK  [0m] Started Load Kernel Modules.
[[0;32m  OK  [0m] Started Create list of required sta...ce nodes for the current kernel.
[[0;32m  OK  [0m] Started Nameserver information manager.
[[0;32m  OK  [0m] Started LVM2 metadata daemon.
         Starting Create Static Device Nodes in /dev...
         Mounting FUSE Control File System...
         Starting Apply Kernel Variables...
         Starting Initial cloud-init job (pre-networking)...
         Starting udev Coldplug all Devices...
         Starting Load/Save Random Seed...
         Starting Flush Journal to Persistent Storage...
[[0;32m  OK  [0m] Mounted FUSE Control File System.
[[0;32m  OK  [0m] Started Create Static Device Nodes in /dev.
[[0;32m  OK  [0m] Started Apply Kernel Variables.
[[0;32m  OK  [0m] Started Load/Save Random Seed.
[[0;32m  OK  [0m] Started udev Coldplug all Devices.
[[0;32m  OK  [0m] Started Monitoring of LVM2 mirrors,...ng dmeventd or progress polling.
[[0;32m  OK  [0m] Started Flush Journal to Persistent Storage.
[   43.737000] cloud-init[470]: Cloud-init v. 0.7.9 running 'init-local' at Tue, 17 Oct 2017 07:38:09 +0000. Up 43.53 seconds.
         Starting udev Kernel Device Manager...
[[0;32m  OK  [0m] Started udev Kernel Device Manager.
[[0;32m  OK  [0m] Started Initial cloud-init job (pre-networking).
[[0;32m  OK  [0m] Found device /dev/ttyS0.
[[0;32m  OK  [0m] Listening on Load/Save RF Kill Switch Status /dev/rfkill Watch.
[[0;32m  OK  [0m] Reached target Network (Pre).
[[0;32m  OK  [0m] Reached target Local File Systems (Pre).
[[0;32m  OK  [0m] Reached target Local File Systems.
         Starting LSB: AppArmor initialization...
         Starting Tell Plymouth To Write Out Runtime Data...
         Starting Set console font and keymap...
         Starting Create Volatile Files and Directories...
[[0;32m  OK  [0m] Started Dispatch Password Requests to Console Directory Watch.
[[0;32m  OK  [0m] Started Tell Plymouth To Write Out Runtime Data.
[[0;32m  OK  [0m] Started Set console font and keymap.
[[0;32m  OK  [0m] Started Create Volatile Files and Directories.
         Starting Update UTMP about System Boot/Shutdown...
[[0;32m  OK  [0m] Reached target System Time Synchronized.
[[0;32m  OK  [0m] Created slice system-getty.slice.
[[0;32m  OK  [0m] Started LSB: AppArmor initialization.
[[0;32m  OK  [0m] Started ifup for enp0s3.
         Starting Raise network interfaces...
[[0;32m  OK  [0m] Started Update UTMP about System Boot/Shutdown.
[[0;32m  OK  [0m] Started Raise network interfaces.
[[0;32m  OK  [0m] Reached target Network.
         Starting Initial cloud-init job (metadata service crawler)...
[   47.557215] cloud-init[995]: Cloud-init v. 0.7.9 running 'init' at Tue, 17 Oct 2017 07:38:13 +0000. Up 47.30 seconds.
[   47.696884] [cloud-init[0;32m  OK  [0m[995]: ] ci-info: +++++++++++++++++++++++++++++++++++++Net device info++++++++++++++++++++++++++++++++++++++Started Initial cloud-init job (metadata service crawler).

[   47.697359] cloud-init[995]: ci-info: +--------+------+----------------------------+---------------+-------+-------------------+
[   48.076429] [cloud-init[0;32m  OK  [0m[995]: ] ci-info: | Device |  Up  |          Address           |      Mask     | Scope |     Hw-Address    |Reached target Network is Online.

[   48.076897] cloud-init[995]: ci-info: +--------+------+----------------------------+---------------+-------+-------------------+
[   48.388605]          cloud-initStarting iSCSI initiator daemon (iscsid)...[995]: 
ci-info: |   lo   | True |         127.0.0.1          |   255.0.0.0   |   .   |         .         |
[   48.536422] [cloud-init[0;32m  OK  [0m[995]: ] ci-info: |   lo   | True |          ::1/128           |       .       |  host |         .         |Reached target Cloud-config availability.

[[   48.536844] [0;32m  OK  [0mcloud-init] [995]: Reached target System Initialization.ci-info: | enp0s3 | True |         10.0.2.15          | 255.255.255.0 |   .   | 02:14:68:3e:84:47 |

[   48.948481] [cloud-init[0;32m  OK  [0m[995]: ] ci-info: | enp0s3 | True | fe80::14:68ff:fe3e:8447/64 |       .       |  link | 02:14:68:3e:84:47 |Started Timer to automatically refresh installed snaps.

[   49.156652]          cloud-initStarting LXD - unix socket.[995]: 
ci-info: +--------+------+----------------------------+---------------+-------+-------------------+
[   49.328985]          cloud-initStarting Socket activation for snappy daemon.[995]: 
ci-info: +++++++++++++++++++++++++++Route IPv4 info++++++++++++++++++++++++++++
[   49.464812] [cloud-init[0;32m  OK  [0m[995]: ] ci-info: +-------+-------------+----------+---------------+-----------+-------+Started ACPI Events Check.

[[   49.465229] [0;32m  OK  [0mcloud-init] [995]: Reached target Paths.ci-info: | Route | Destination | Gateway  |    Genmask    | Interface | Flags |

[   49.732925] [cloud-init[0;32m  OK  [0m[995]: ] ci-info: +-------+-------------+----------+---------------+-----------+-------+Started Daily apt download activities.

[[   49.733407] [0;32m  OK  [0mcloud-init] [995]: Started Daily apt upgrade and clean activities.ci-info: |   0   |   0.0.0.0   | 10.0.2.2 |    0.0.0.0    |   enp0s3  |   UG  |

[   50.012565] [cloud-init[0;32m  OK  [0m[995]: ] ci-info: |   1   |   10.0.2.0  | 0.0.0.0  | 255.255.255.0 |   enp0s3  |   U   |Started Timer to automatically fetch and run repair assertions.

[   50.176527] [cloud-init[0;32m  OK  [0m[995]: ] ci-info: +-------+-------------+----------+---------------+-----------+-------+Listening on UUID daemon activation socket.

[[0;32m  OK  [0m] Started Daily Cleanup of Temporary Directories.
[[0;32m  OK  [0m] Reached target Timers.
[[0;32m  OK  [0m] Listening on ACPID Listen Socket.
[[0;32m  OK  [0m] Listening on D-Bus System Message Bus Socket.
[[0;32m  OK  [0m] Listening on LXD - unix socket.
[[0;32m  OK  [0m] Listening on Socket activation for snappy daemon.
[[0;32m  OK  [0m] Started iSCSI initiator daemon (iscsid).
         Starting Login to default iSCSI targets...
[[0;32m  OK  [0m] Reached target Sockets.
[[0;32m  OK  [0m] Reached target Basic System.
         Starting LSB: MD monitoring daemon...
         Starting Login Service...
[[0;32m  OK  [0m] Started D-Bus System Message Bus.
         Starting Apply the settings specified in cloud-config...
         Starting LSB: Record successful boot for GRUB...
         Starting System Logging Service...
         Starting vboxadd.service...
[[0;32m  OK  [0m] Started Deferred execution scheduler.
         Starting OpenBSD Secure Shell server...
[   51.405984] cloud-init[1062]: Cloud-init v. 0.7.9 running 'modules:config' at Tue, 17 Oct 2017 07:38:17 +0000. Up 51.27 seconds.
[[0;32m  OK  [0m] Started Regular background program processing daemon.
         Starting vboxadd-x11.service...
         Starting Accounts Service...
[[0;32m  OK  [0m] Started Unattended Upgrades Shutdown.
         Starting Snappy daemon...
[[0;32m  OK  [0m] Started ACPI event daemon.
         Starting /etc/rc.local Compatibility...
[[0;32m  OK  [0m] Started FUSE filesystem for LXC.
         Starting LXD - container startup/shutdown...
[[0;32m  OK  [0m] Started System Logging Service.
[[0;32m  OK  [0m] Started OpenBSD Secure Shell server.
[[0;32m  OK  [0m] Started Snappy daemon.
[[0;32m  OK  [0m] Started Apply the settings specified in cloud-config.
[[0;32m  OK  [0m] Started vboxadd.service.
[[0;32m  OK  [0m] Started vboxadd-x11.service.
[[0;32m  OK  [0m] Started /etc/rc.local Compatibility.
[[0;32m  OK  [0m] Started LXD - container startup/shutdown.
[[0;32m  OK  [0m] Started LSB: MD monitoring daemon.
[[0;32m  OK  [0m] Started Login to default iSCSI targets.
[[0;32m  OK  [0m] Started LSB: Record successful boot for GRUB.
[[0;32m  OK  [0m] Started Login Service.
         Starting Authenticate and Authorize Users to Run Privileged Tasks...
[[0;32m  OK  [0m] Reached target Remote File Systems (Pre).
[[0;32m  OK  [0m] Reached target Remote File Systems.
         Starting LSB: automatic crash report generation...
         Starting LSB: Set the CPU Frequency Scaling governor to "ondemand"...
         Starting LSB: daemon to balance interrupts for SMP systems...
         Starting Permit User Sessions...
         Starting vboxadd-service.service...
         Starting Auto import assertions from block devices...
[[0;32m  OK  [0m] Started Permit User Sessions.
[[0;32m  OK  [0m] Started vboxadd-service.service.
[[0;32m  OK  [0m] Started Auto import assertions from block devices.
[[0;32m  OK  [0m] Started Authenticate and Authorize Users to Run Privileged Tasks.
[[0;32m  OK  [0m] Started Accounts Service.
[[0;32m  OK  [0m] Started LSB: Set the CPU Frequency Scaling governor to "ondemand".
[[0;32m  OK  [0m] Started LSB: automatic crash report generation.
[[0;32m  OK  [0m] Started LSB: daemon to balance interrupts for SMP systems.
[[0;32m  OK  [0m] Created slice User Slice of ubuntu.
[[0;32m  OK  [0m] Started Session 1 of user ubuntu.
         Starting User Manager for UID 1000...
         Starting Terminate Plymouth Boot Screen...
         Starting Hold until boot process finishes up...
[[0;32m  OK  [0m] Started User Manager for UID 1000.
[[0;32m  OK  [0m] Started Terminate Plymouth Boot Screen.
[[0;32m  OK  [0m] Started Hold until boot process finishes up.
[[0;32m  OK  [0m] Started Getty on tty1.
         Starting Set console scheme...
[[0;32m  OK  [0m] Started Serial Getty on ttyS0.
[[0;32m  OK  [0m] Reached target Login Prompts.
[[0;32m  OK  [0m] Reached target Multi-User System.
[[0;32m  OK  [0m] Reached target Graphical Interface.
         Starting Update UTMP about System Runlevel Changes...
         Starting Execute cloud user/final scripts...
[[0;32m  OK  [0m] Started Set console scheme.
[[0;32m  OK  [0m] Started Update UTMP about System Runlevel Changes.
[   55.441341] cloud-init[1351]: Cloud-init v. 0.7.9 running 'modules:final' at Tue, 17 Oct 2017 07:38:21 +0000. Up 55.34 seconds.
[   55.552653] [cloud-init[0;32m  OK  [0m[1351]: ] Cloud-init v. 0.7.9 finished at Tue, 17 Oct 2017 07:38:21 +0000. Datasource DataSourceNoCloud [seed=/dev/sdb][dsmode=net].  Up 55.43 secondsStarted Execute cloud user/final scripts.

[[0;32m  OK  [0m] Reached target Cloud-init target.

Ubuntu 16.04.3 LTS ubuntu-xenial ttyS0

ubuntu-xenial login: 